<?xml version="1.0" encoding="UTF-8"?>
<testng-results ignored="0" total="1" passed="1" failed="0" skipped="0">
  <reporter-output>
  </reporter-output>
  <suite started-at="2023-05-03T12:38:20 IST" name="Default suite" finished-at="2023-05-03T12:38:43 IST" duration-ms="23587">
    <groups>
    </groups>
    <test started-at="2023-05-03T12:38:20 IST" name="Default test" finished-at="2023-05-03T12:38:43 IST" duration-ms="23587">
      <class name="Day9_4">
        <test-method is-config="true" signature="beforetest()[pri:0, instance:Day9_4@42e25b0b]" started-at="2023-05-03T12:38:20 IST" name="beforetest" finished-at="2023-05-03T12:38:33 IST" duration-ms="13477" status="PASS">
          <reporter-output>
          </reporter-output>
        </test-method> <!-- beforetest -->
        <test-method signature="tc_2()[pri:0, instance:Day9_4@42e25b0b]" started-at="2023-05-03T12:38:33 IST" name="tc_2" finished-at="2023-05-03T12:38:43 IST" duration-ms="10077" status="PASS">
          <reporter-output>
          </reporter-output>
        </test-method> <!-- tc_2 -->
        <test-method is-config="true" signature="tc_3()[pri:0, instance:Day9_4@42e25b0b]" started-at="2023-05-03T12:38:43 IST" name="tc_3" finished-at="2023-05-03T12:38:44 IST" duration-ms="598" status="PASS">
          <reporter-output>
          </reporter-output>
        </test-method> <!-- tc_3 -->
      </class> <!-- Day9_4 -->
    </test> <!-- Default test -->
  </suite> <!-- Default suite -->
</testng-results>
